{"c:\\github\\LaTeX\\programming\\code\\javascript\\test\\demo-test.js":{"path":"c:\\github\\LaTeX\\programming\\code\\javascript\\test\\demo-test.js","s":{"1":1,"2":1,"3":1,"4":1,"5":1,"6":1,"7":1,"8":1,"9":1,"10":1,"11":1,"12":1,"13":1},"b":{},"f":{"1":1},"fnMap":{"1":{"name":"(anonymous_1)","line":17,"loc":{"start":{"line":17,"column":37},"end":{"line":17,"column":48}}}},"statementMap":{"1":{"start":{"line":3,"column":0},"end":{"line":3,"column":27}},"2":{"start":{"line":4,"column":0},"end":{"line":4,"column":49}},"3":{"start":{"line":5,"column":0},"end":{"line":5,"column":25}},"4":{"start":{"line":6,"column":0},"end":{"line":6,"column":14}},"5":{"start":{"line":8,"column":0},"end":{"line":8,"column":31}},"6":{"start":{"line":10,"column":0},"end":{"line":10,"column":31}},"7":{"start":{"line":12,"column":0},"end":{"line":12,"column":29}},"8":{"start":{"line":13,"column":0},"end":{"line":13,"column":33}},"9":{"start":{"line":15,"column":0},"end":{"line":25,"column":3}},"10":{"start":{"line":17,"column":2},"end":{"line":24,"column":6}},"11":{"start":{"line":19,"column":4},"end":{"line":19,"column":32}},"12":{"start":{"line":21,"column":4},"end":{"line":21,"column":36}},"13":{"start":{"line":22,"column":4},"end":{"line":22,"column":31}}},"branchMap":{}},"c:\\github\\LaTeX\\programming\\code\\javascript\\test\\demo.js":{"path":"c:\\github\\LaTeX\\programming\\code\\javascript\\test\\demo.js","s":{"1":2,"2":2,"3":0,"4":2,"5":2,"6":0,"7":0,"8":2,"9":0,"10":2,"11":0,"12":2,"13":1,"14":1},"b":{"1":[0,0]},"f":{"1":0,"2":1},"fnMap":{"1":{"name":"(anonymous_1)","line":9,"loc":{"start":{"line":9,"column":13},"end":{"line":9,"column":23}}},"2":{"name":"club","line":21,"loc":{"start":{"line":21,"column":0},"end":{"line":21,"column":16}}}},"statementMap":{"1":{"start":{"line":3,"column":0},"end":{"line":3,"column":33}},"2":{"start":{"line":5,"column":0},"end":{"line":5,"column":38}},"3":{"start":{"line":5,"column":24},"end":{"line":5,"column":37}},"4":{"start":{"line":6,"column":0},"end":{"line":6,"column":26}},"5":{"start":{"line":8,"column":0},"end":{"line":12,"column":1}},"6":{"start":{"line":9,"column":2},"end":{"line":11,"column":11}},"7":{"start":{"line":10,"column":4},"end":{"line":10,"column":18}},"8":{"start":{"line":14,"column":0},"end":{"line":16,"column":1}},"9":{"start":{"line":15,"column":2},"end":{"line":15,"column":36}},"10":{"start":{"line":18,"column":0},"end":{"line":18,"column":55}},"11":{"start":{"line":18,"column":22},"end":{"line":18,"column":54}},"12":{"start":{"line":20,"column":0},"end":{"line":20,"column":26}},"13":{"start":{"line":21,"column":0},"end":{"line":24,"column":1}},"14":{"start":{"line":23,"column":2},"end":{"line":23,"column":16}}},"branchMap":{"1":{"line":5,"type":"cond-expr","locations":[{"start":{"line":5,"column":32},"end":{"line":5,"column":33}},{"start":{"line":5,"column":36},"end":{"line":5,"column":37}}]}}},"c:\\github\\LaTeX\\programming\\code\\javascript\\test\\customAPI.js":{"path":"c:\\github\\LaTeX\\programming\\code\\javascript\\test\\customAPI.js","s":{"1":1,"2":0,"3":0,"4":0},"b":{"1":[0,0]},"f":{},"fnMap":{},"statementMap":{"1":{"start":{"line":2,"column":0},"end":{"line":10,"column":1}},"2":{"start":{"line":4,"column":4},"end":{"line":8,"column":5}},"3":{"start":{"line":5,"column":6},"end":{"line":5,"column":21}},"4":{"start":{"line":7,"column":6},"end":{"line":7,"column":22}}},"branchMap":{"1":{"line":4,"type":"if","locations":[{"start":{"line":4,"column":4},"end":{"line":4,"column":4}},{"start":{"line":4,"column":4},"end":{"line":4,"column":4}}]}}}}