TN:
SF:c:\github\LaTeX\programming\code\javascript\test\demo-test.js
FN:17,(anonymous_1)
FNF:1
FNH:1
FNDA:1,(anonymous_1)
DA:3,1
DA:4,1
DA:5,1
DA:6,1
DA:8,1
DA:10,1
DA:12,1
DA:13,1
DA:15,1
DA:17,1
DA:19,1
DA:21,1
DA:22,1
LF:13
LH:13
BRF:0
BRH:0
end_of_record
TN:
SF:c:\github\LaTeX\programming\code\javascript\test\demo.js
FN:9,(anonymous_1)
FN:21,club
FNF:2
FNH:1
FNDA:0,(anonymous_1)
FNDA:1,club
DA:3,2
DA:5,2
DA:6,2
DA:8,2
DA:9,0
DA:10,0
DA:14,2
DA:15,0
DA:18,2
DA:20,2
DA:21,1
DA:23,1
LF:12
LH:9
BRDA:5,1,0,0
BRDA:5,1,1,0
BRF:2
BRH:0
end_of_record
TN:
SF:c:\github\LaTeX\programming\code\javascript\test\customAPI.js
FNF:0
FNH:0
DA:2,1
DA:4,0
DA:5,0
DA:7,0
LF:4
LH:1
BRDA:4,1,0,0
BRDA:4,1,1,0
BRF:2
BRH:0
end_of_record
